{
  "RSpec": {
    "coverage": {
      "/Users/brianemory/Development/Projects/schedule-tool/spec/features/admin/admin_can_add_and_remove_active_employees_to_a_schedule_spec.rb": [
        1,
        null,
        1,
        1,
        1,
        1,
        1,
        1,
        1,
        null,
        1,
        1,
        null,
        1,
        1,
        null,
        null,
        1,
        1,
        1,
        1,
        1,
        null,
        1,
        1,
        null,
        1,
        1,
        null,
        1,
        null,
        null
      ],
      "/Users/brianemory/Development/Projects/schedule-tool/spec/rails_helper.rb": [
        null,
        1,
        1,
        null,
        1,
        1,
        1,
        1,
        1,
        1,
        1,
        null,
        null,
        null,
        null,
        null,
        null,
        null,
        null,
        null,
        null,
        null,
        null,
        null,
        null,
        null,
        2,
        null,
        null,
        null,
        1,
        null,
        1,
        null,
        1,
        null,
        null,
        null,
        null,
        1,
        null,
        null,
        null,
        null,
        null,
        null,
        null,
        null,
        null,
        null,
        null,
        null,
        null,
        null,
        1,
        null,
        null,
        1,
        null,
        null,
        null,
        1,
        1,
        1,
        null,
        1,
        null,
        1,
        1,
        null
      ],
      "/Users/brianemory/Development/Projects/schedule-tool/spec/support/factory_girl.rb": [
        1,
        1,
        null,
        1,
        1,
        1,
        null,
        1,
        1,
        1,
        null,
        1,
        null,
        null,
        null
      ],
      "/Users/brianemory/Development/Projects/schedule-tool/spec/features/admin/admin_can_add_new_employee_spec.rb": [
        1,
        null,
        1,
        1,
        1,
        1,
        1,
        1,
        1,
        null,
        1,
        1,
        1,
        1,
        1,
        1,
        1,
        1,
        null,
        1,
        null,
        null
      ],
      "/Users/brianemory/Development/Projects/schedule-tool/spec/features/admin/admin_can_create_a_schedule_spec.rb": [
        1,
        null,
        1,
        1,
        1,
        1,
        1,
        1,
        null,
        1,
        1,
        1,
        1,
        1,
        1,
        null,
        1,
        null,
        null
      ],
      "/Users/brianemory/Development/Projects/schedule-tool/spec/features/admin/admin_can_create_available_times_spec.rb": [
        1,
        null,
        1,
        1,
        1,
        1,
        1,
        1,
        1,
        1,
        1,
        1,
        1,
        null,
        1,
        1,
        1,
        1,
        1,
        1,
        1,
        1,
        1,
        1,
        null,
        1,
        null,
        null
      ],
      "/Users/brianemory/Development/Projects/schedule-tool/spec/features/admin/admin_can_edit_a_set_schedule_spec.rb": [
        1,
        null,
        1,
        1,
        1,
        1,
        1,
        1,
        1,
        1,
        1,
        1,
        1,
        null,
        1,
        1,
        1,
        1,
        1,
        1,
        1,
        1,
        null,
        1,
        1,
        1,
        null,
        null
      ],
      "/Users/brianemory/Development/Projects/schedule-tool/spec/features/admin/admin_can_edit_employee_spec.rb": [
        1,
        null,
        1,
        1,
        1,
        1,
        1,
        null,
        1,
        1,
        1,
        1,
        1,
        1,
        null,
        1,
        1,
        null,
        null
      ],
      "/Users/brianemory/Development/Projects/schedule-tool/spec/features/admin/admin_can_only_see_their_profile_spec.rb": [
        1,
        null,
        1,
        1,
        1,
        1,
        1,
        null,
        1,
        null,
        1,
        null,
        null
      ],
      "/Users/brianemory/Development/Projects/schedule-tool/spec/features/admin/admin_can_print_the_schedule_spec.rb": [
        1,
        null,
        1,
        1,
        1,
        1,
        1,
        1,
        null,
        null,
        1,
        1,
        null,
        null,
        1,
        null,
        null,
        1,
        null,
        1,
        1,
        null,
        1,
        1,
        1,
        1,
        null,
        null
      ],
      "/Users/brianemory/Development/Projects/schedule-tool/spec/features/admin/admin_can_see_their_employees_spec.rb": [
        1,
        null,
        1,
        1,
        1,
        1,
        1,
        null,
        1,
        null,
        1,
        null,
        null
      ],
      "/Users/brianemory/Development/Projects/schedule-tool/spec/features/admin/admin_can_set_a_schedule_spec.rb": [
        1,
        null,
        1,
        1,
        1,
        1,
        1,
        1,
        null,
        null,
        1,
        null,
        1,
        1,
        1,
        1,
        1,
        1,
        1,
        1,
        1,
        null,
        1,
        1,
        1,
        null,
        null
      ],
      "/Users/brianemory/Development/Projects/schedule-tool/spec/features/admin/admin_can_sign_in_spec.rb": [
        1,
        null,
        1,
        1,
        1,
        1,
        null,
        1,
        null,
        1,
        null,
        null
      ],
      "/Users/brianemory/Development/Projects/schedule-tool/spec/features/admin/admin_can_toggle_employee_status_spec.rb": [
        1,
        null,
        1,
        1,
        1,
        1,
        1,
        null,
        1,
        1,
        null,
        1,
        null,
        null,
        1,
        1,
        1,
        1,
        null,
        1,
        1,
        null,
        1,
        null,
        null
      ],
      "/Users/brianemory/Development/Projects/schedule-tool/spec/features/admin/admin_can_update_their_account_spec.rb": [
        1,
        null,
        1,
        1,
        1,
        1,
        1,
        1,
        null,
        1,
        1,
        1,
        1,
        1,
        null,
        1,
        null,
        null
      ],
      "/Users/brianemory/Development/Projects/schedule-tool/spec/features/admin/admin_clicks_schedule_to_view_spec.rb": [
        1,
        null,
        1,
        1,
        1,
        1,
        1,
        null,
        1,
        1,
        null,
        1,
        null,
        null,
        null,
        null,
        null,
        1,
        1,
        1,
        1,
        null,
        1,
        1,
        null,
        1,
        null,
        null,
        null,
        null,
        null,
        1,
        1,
        null,
        null,
        1,
        1,
        null
      ],
      "/Users/brianemory/Development/Projects/schedule-tool/spec/features/admin/admin_views_schedules_index_spec.rb": [
        1,
        null,
        1,
        1,
        1,
        1,
        1,
        1,
        1,
        1,
        null,
        1,
        1,
        null,
        1,
        1,
        null,
        null
      ],
      "/Users/brianemory/Development/Projects/schedule-tool/spec/features/schedule_page_shows_employee_shifts_spec.rb": [
        1,
        null,
        1,
        1,
        1,
        1,
        1,
        1,
        1,
        1,
        1,
        null,
        1,
        1,
        null,
        1,
        1,
        1,
        null,
        null
      ],
      "/Users/brianemory/Development/Projects/schedule-tool/spec/features/user_can_create_admin_account_spec.rb": [
        1,
        null,
        1,
        1,
        1,
        1,
        1,
        1,
        1,
        null,
        1,
        1,
        1,
        1,
        1,
        1,
        1,
        1,
        null,
        1,
        null,
        null
      ],
      "/Users/brianemory/Development/Projects/schedule-tool/spec/models/admin_spec.rb": [
        1,
        2,
        2,
        2,
        2,
        null
      ],
      "/Users/brianemory/Development/Projects/schedule-tool/spec/models/available_time_spec.rb": [
        1,
        null,
        1,
        2,
        2,
        2,
        null,
        null,
        1,
        1,
        1,
        1,
        null,
        1,
        null,
        null,
        null,
        1,
        1,
        1,
        null,
        1,
        null,
        null
      ],
      "/Users/brianemory/Development/Projects/schedule-tool/app/models/available_time.rb": [
        1,
        1,
        1,
        1,
        1,
        null,
        1,
        134,
        null,
        null,
        1,
        11,
        null,
        null
      ],
      "/Users/brianemory/Development/Projects/schedule-tool/spec/models/employee_spec.rb": [
        1,
        2,
        2,
        2,
        null,
        null,
        1,
        1,
        1,
        1,
        null,
        1,
        1,
        null,
        null,
        null,
        1,
        1,
        1,
        null,
        1,
        null,
        null,
        null,
        1,
        1,
        1,
        1,
        null,
        1,
        1,
        null,
        null,
        null,
        1,
        1,
        1,
        1,
        1,
        null,
        1,
        1,
        null,
        null
      ],
      "/Users/brianemory/Development/Projects/schedule-tool/app/models/employee.rb": [
        1,
        1,
        1,
        1,
        1,
        1,
        1,
        1,
        1,
        null,
        1,
        40,
        null,
        null,
        1,
        21,
        null,
        null,
        1,
        80,
        null,
        null,
        1,
        6,
        null,
        null,
        1,
        119,
        null,
        null
      ],
      "/Users/brianemory/Development/Projects/schedule-tool/spec/models/schedule_spec.rb": [
        1,
        2,
        2,
        null
      ],
      "/Users/brianemory/Development/Projects/schedule-tool/app/models/schedule.rb": [
        1,
        1,
        1,
        1,
        1,
        1,
        1,
        1,
        1,
        1,
        null,
        1,
        5,
        null,
        null,
        1,
        180,
        null,
        null,
        1,
        3,
        null,
        null,
        null,
        null,
        null,
        null,
        null,
        null,
        null,
        null,
        null,
        null
      ],
      "/Users/brianemory/Development/Projects/schedule-tool/spec/models/shift_spec.rb": [
        1,
        1,
        1,
        1,
        null,
        1,
        1,
        null,
        null
      ],
      "/Users/brianemory/Development/Projects/schedule-tool/app/models/shift.rb": [
        1,
        1,
        1,
        1,
        1,
        null,
        1,
        2,
        null,
        null,
        1,
        0,
        0,
        null,
        0,
        null,
        null,
        null,
        1,
        42,
        14,
        null,
        28,
        null,
        null,
        null
      ],
      "/Users/brianemory/Development/Projects/schedule-tool/spec/views/admins/show.html.erb_spec.rb": [
        1,
        null,
        1,
        1,
        1,
        1,
        null,
        1,
        null,
        1,
        null,
        null,
        1,
        1,
        null,
        1,
        null,
        1,
        null,
        null,
        null
      ],
      "/Users/brianemory/Development/Projects/schedule-tool/app/models/schedule_employee.rb": [
        1,
        1,
        1,
        null
      ],
      "/Users/brianemory/Development/Projects/schedule-tool/app/models/schedule_shift.rb": [
        1,
        1,
        1,
        null
      ],
      "/Users/brianemory/Development/Projects/schedule-tool/app/controllers/schedules_controller.rb": [
        1,
        1,
        null,
        null,
        null,
        1,
        3,
        null,
        null,
        1,
        null,
        null,
        1,
        1,
        null,
        null,
        1,
        1,
        1,
        null,
        1,
        1,
        null,
        0,
        null,
        null,
        null,
        1,
        0,
        null,
        null,
        1,
        2,
        42,
        6,
        6,
        null,
        null,
        null,
        6,
        6,
        null,
        null,
        null,
        2,
        2,
        null,
        0,
        null,
        null,
        null,
        1,
        4,
        6,
        null,
        null,
        4,
        null,
        null,
        1,
        1,
        null,
        1,
        null,
        null,
        1,
        2,
        null,
        null,
        1,
        1,
        null,
        null,
        1,
        1,
        27,
        null,
        null,
        1,
        3,
        null,
        null,
        null,
        null,
        null,
        null
      ],
      "/Users/brianemory/Development/Projects/schedule-tool/app/controllers/application_controller.rb": [
        1,
        1,
        1,
        null,
        null,
        null,
        1,
        1,
        4,
        null,
        null,
        1,
        4,
        null,
        null,
        1,
        1,
        2,
        null,
        null,
        1,
        0,
        null,
        null
      ],
      "/Users/brianemory/Development/Projects/schedule-tool/app/models/employee_available_time.rb": [
        1,
        1,
        1,
        null
      ],
      "/Users/brianemory/Development/Projects/schedule-tool/app/controllers/admins_controller.rb": [
        1,
        1,
        null,
        1,
        18,
        null,
        null,
        1,
        1,
        18,
        null,
        null,
        1,
        18,
        null,
        null
      ],
      "/Users/brianemory/Development/Projects/schedule-tool/app/controllers/employees_controller.rb": [
        1,
        1,
        null,
        1,
        1,
        null,
        null,
        1,
        1,
        1,
        null,
        1,
        1,
        null,
        0,
        null,
        null,
        null,
        1,
        null,
        null,
        1,
        1,
        null,
        null,
        1,
        1,
        1,
        1,
        null,
        0,
        null,
        null,
        null,
        1,
        2,
        null,
        1,
        null,
        1,
        null,
        2,
        null,
        null,
        1,
        1,
        2,
        null,
        null,
        1,
        5,
        null,
        null,
        1,
        1,
        null,
        null
      ],
      "/Users/brianemory/Development/Projects/schedule-tool/app/controllers/welcome_controller.rb": [
        1,
        1,
        null,
        null
      ],
      "/Users/brianemory/Development/Projects/schedule-tool/app/controllers/registrations_controller.rb": [
        1,
        null,
        1,
        1,
        1,
        null,
        null
      ],
      "/Users/brianemory/Development/Projects/schedule-tool/app/controllers/available_times_controller.rb": [
        1,
        null,
        1,
        0,
        null,
        null,
        1,
        1,
        null,
        null,
        1,
        1,
        1,
        0,
        0,
        null,
        1,
        2,
        null,
        null,
        null,
        null,
        null,
        2,
        2,
        2,
        null,
        null,
        1,
        null,
        null,
        1,
        1,
        9,
        null,
        null,
        1,
        2,
        null,
        null,
        1,
        2,
        null,
        null
      ]
    },
    "timestamp": 1490756020
  }
}
